<?xml version="1.0" encoding="UTF-8"?>
<testsuite name="com.fullcycle.admin.catalogo.infrastructure.MainTest" tests="1" skipped="0" failures="0" errors="0" timestamp="2023-04-23T15:23:09" hostname="E_ROOSEVELT" time="0.042">
  <properties/>
  <testcase name="testMain()" classname="com.fullcycle.admin.catalogo.infrastructure.MainTest" time="0.042"/>
  <system-out><![CDATA[Hello Word
com.fullcycle.admin.catalogo.domain.Category@d2de489
]]></system-out>
  <system-err><![CDATA[]]></system-err>
</testsuite>
