<?xml version="1.0" encoding="UTF-8"?>
<testsuite name="com.fullcycle.admin.catalogo.domain.category.CategoryTest" tests="1" skipped="0" failures="0" errors="0" timestamp="2023-04-23T19:30:18" hostname="E_ROOSEVELT" time="0.042">
  <properties/>
  <testcase name="givenAValidCategory_whenCallUpdateToInactive_thenReturnCategoryUpdated()" classname="com.fullcycle.admin.catalogo.domain.category.CategoryTest" time="0.042"/>
  <system-out><![CDATA[]]></system-out>
  <system-err><![CDATA[]]></system-err>
</testsuite>
